<?xml version="1.0" encoding="UTF-8"?>
<testsuites name="jest tests" tests="4" failures="0" time="4.042">
  <testsuite name="undefined" errors="0" failures="0" skipped="0" timestamp="2020-05-06T13:47:25" time="3.27" tests="1">
    <testcase classname=" Region handler watchForRegionChange should determine the correct direction of a region change" name=" Region handler watchForRegionChange should determine the correct direction of a region change" time="0.006">
    </testcase>
  </testsuite>
  <testsuite name="undefined" errors="0" failures="0" skipped="0" timestamp="2020-05-06T13:47:28" time="0.23" tests="1">
    <testcase classname=" Player list should filter by local player regions both x and y" name=" Player list should filter by local player regions both x and y" time="0.004">
    </testcase>
  </testsuite>
  <testsuite name="undefined" errors="0" failures="0" skipped="0" timestamp="2020-05-06T13:47:29" time="0.232" tests="2">
    <testcase classname=" Reads username/password from login stage" name=" Reads username/password from login stage" time="0.004">
    </testcase>
    <testcase classname=" Encodes a string into correct Base37 encoding" name=" Encodes a string into correct Base37 encoding" time="0.001">
    </testcase>
  </testsuite>
</testsuites>